2025.01.16 22:28:38 INFO  Started: Metals version 1.4.2 in folders '/home/nt2311/Projects/Scala/akka-scala3' for client Neovim 0.10.3+v0.10.3.[0m
Jan 16, 2025 10:28:39 PM org.eclipse.lsp4j.jsonrpc.RemoteEndpoint handleNotification
WARNING: Notification threw an exception: {
  "jsonrpc": "2.0",
  "method": "textDocument/didOpen",
  "params": {
    "textDocument": {
      "uri": "file:///home/nt2311/Projects/Scala/akka-scala3/src/main/scala/Main.scala",
      "languageId": "scala",
      "version": 0,
      "text": "\n"
    }
  }
}
java.lang.IllegalStateException: An unexpected exception occurred while executing jsonrpc method public abstract java.util.concurrent.CompletableFuture scala.meta.metals.lsp.TextDocumentService.didOpen(org.eclipse.lsp4j.DidOpenTextDocumentParams)
	at org.eclipse.lsp4j.jsonrpc.services.GenericEndpoint.lambda$recursiveFindRpcMethods$0(GenericEndpoint.java:73)
	at org.eclipse.lsp4j.jsonrpc.services.GenericEndpoint.notify(GenericEndpoint.java:160)
	at org.eclipse.lsp4j.jsonrpc.RemoteEndpoint.handleNotification(RemoteEndpoint.java:231)
	at org.eclipse.lsp4j.jsonrpc.RemoteEndpoint.consume(RemoteEndpoint.java:198)
	at org.eclipse.lsp4j.jsonrpc.json.StreamMessageProducer.handleMessage(StreamMessageProducer.java:185)
	at org.eclipse.lsp4j.jsonrpc.json.StreamMessageProducer.listen(StreamMessageProducer.java:97)
	at org.eclipse.lsp4j.jsonrpc.json.ConcurrentMessageProcessor.run(ConcurrentMessageProcessor.java:114)
	at java.base/java.util.concurrent.Executors$RunnableAdapter.call(Executors.java:572)
	at java.base/java.util.concurrent.FutureTask.run(FutureTask.java:317)
	at java.base/java.util.concurrent.ThreadPoolExecutor.runWorker(ThreadPoolExecutor.java:1144)
	at java.base/java.util.concurrent.ThreadPoolExecutor$Worker.run(ThreadPoolExecutor.java:642)
	at java.base/java.lang.Thread.run(Thread.java:1575)
Caused by: java.nio.file.NoSuchFileException: /home/nt2311/Projects/Scala/akka-scala3/src/main/scala/Main.scala
	at java.base/sun.nio.fs.UnixException.translateToIOException(UnixException.java:92)
	at java.base/sun.nio.fs.UnixException.rethrowAsIOException(UnixException.java:106)
	at java.base/sun.nio.fs.UnixException.rethrowAsIOException(UnixException.java:111)
	at java.base/sun.nio.fs.UnixFileSystemProvider.newByteChannel(UnixFileSystemProvider.java:262)
	at java.base/java.nio.file.Files.newByteChannel(Files.java:380)
	at java.base/java.nio.file.Files.newByteChannel(Files.java:432)
	at java.base/java.nio.file.Files.readAllBytes(Files.java:3292)
	at scala.meta.internal.io.PlatformFileIO$.slurp(PlatformFileIO.scala:42)
	at scala.meta.internal.io.FileIO$.slurp(FileIO.scala:18)
	at scala.meta.internal.metals.MetalsLspService.didOpen(MetalsLspService.scala:754)
	at scala.meta.internal.metals.WorkspaceLspService.didOpen(WorkspaceLspService.scala:403)
	at scala.meta.metals.lsp.DelegatingScalaService.didOpen(DelegatingScalaService.scala:39)
	at java.base/jdk.internal.reflect.DirectMethodHandleAccessor.invoke(DirectMethodHandleAccessor.java:103)
	at java.base/java.lang.reflect.Method.invoke(Method.java:580)
	at org.eclipse.lsp4j.jsonrpc.services.GenericEndpoint.lambda$recursiveFindRpcMethods$0(GenericEndpoint.java:65)
	... 11 more

2025.01.16 22:28:45 INFO  running '/home/nt2311/.local/share/coursier/bin/sbt -Dbloop.export-jar-classifiers=sources bloopInstall'[0m
2025.01.16 22:28:46 INFO  [info] welcome to sbt 1.10.7 (Homebrew Java 23.0.1)[0m
2025.01.16 22:28:48 INFO  [info] loading settings for project akka-scala3-build-build-build from metals.sbt...[0m
2025.01.16 22:28:48 INFO  [info] loading project definition from /home/nt2311/Projects/Scala/akka-scala3/project/project/project[0m
2025.01.16 22:28:52 INFO  [info] loading settings for project akka-scala3-build-build from metals.sbt...[0m
2025.01.16 22:28:52 INFO  [info] loading project definition from /home/nt2311/Projects/Scala/akka-scala3/project/project[0m
2025.01.16 22:29:10 INFO  no build target found for /home/nt2311/Projects/Scala/akka-scala3/src/main/scala/com/example/JsonFormats.scala. Using presentation compiler with project's scala-library version: 3.3.4[0m
2025.01.16 22:29:15 INFO  no build target found for /home/nt2311/Projects/Scala/akka-scala3/src/main/scala/com/example/UserRegistry.scala. Using presentation compiler with project's scala-library version: 3.3.4[0m
2025.01.16 22:29:18 INFO  [success] Generated .bloop/akka-scala3-build-build.json[0m
2025.01.16 22:29:18 INFO  [success] Total time: 26 s, completed Jan 16, 2025, 10:29:18 PM[0m
2025.01.16 22:29:18 INFO  [info] loading settings for project akka-scala3-build from metals.sbt, plugins.sbt...[0m
2025.01.16 22:29:18 INFO  [info] loading project definition from /home/nt2311/Projects/Scala/akka-scala3/project[0m
2025.01.16 22:29:19 INFO  [success] Generated .bloop/akka-scala3-build.json[0m
2025.01.16 22:29:19 INFO  [success] Total time: 1 s, completed Jan 16, 2025, 10:29:19 PM[0m
2025.01.16 22:29:19 INFO  [info] loading settings for project root from build.sbt...[0m
2025.01.16 22:29:19 INFO  [info] set current project to akka-scala3 (in build file:/home/nt2311/Projects/Scala/akka-scala3/)[0m
2025.01.16 22:29:24 INFO  no build target found for /home/nt2311/Projects/Scala/akka-scala3/src/main/scala/com/example/UserRoutes.scala. Using presentation compiler with project's scala-library version: 3.3.4[0m
2025.01.16 22:29:24 INFO  no build target found for /home/nt2311/Projects/Scala/akka-scala3/src/main/scala/Main.scala. Using presentation compiler with project's scala-library version: 3.3.4[0m
2025.01.16 22:29:43 INFO  no build target found for /home/nt2311/Projects/Scala/akka-scala3/src/main/scala/Main.scala. Using presentation compiler with project's scala-library version: 3.3.4[0m
2025.01.16 22:29:43 INFO  no build target found for /home/nt2311/Projects/Scala/akka-scala3/src/main/scala/Main.scala. Using presentation compiler with project's scala-library version: 3.3.4[0m
2025.01.16 22:29:43 INFO  no build target found for /home/nt2311/Projects/Scala/akka-scala3/src/main/scala/Main.scala. Using presentation compiler with project's scala-library version: 3.3.4[0m
2025.01.16 22:29:43 INFO  no build target found for /home/nt2311/Projects/Scala/akka-scala3/src/main/scala/Main.scala. Using presentation compiler with project's scala-library version: 3.3.4[0m
2025.01.16 22:29:43 INFO  no build target found for /home/nt2311/Projects/Scala/akka-scala3/src/main/scala/Main.scala. Using presentation compiler with project's scala-library version: 3.3.4[0m
2025.01.16 22:29:43 INFO  no build target found for /home/nt2311/Projects/Scala/akka-scala3/src/main/scala/Main.scala. Using presentation compiler with project's scala-library version: 3.3.4[0m
2025.01.16 22:29:43 INFO  no build target found for /home/nt2311/Projects/Scala/akka-scala3/src/main/scala/Main.scala. Using presentation compiler with project's scala-library version: 3.3.4[0m
2025.01.16 22:29:44 INFO  no build target found for /home/nt2311/Projects/Scala/akka-scala3/src/main/scala/Main.scala. Using presentation compiler with project's scala-library version: 3.3.4[0m
2025.01.16 22:29:44 INFO  no build target found for /home/nt2311/Projects/Scala/akka-scala3/src/main/scala/Main.scala. Using presentation compiler with project's scala-library version: 3.3.4[0m
2025.01.16 22:29:44 INFO  no build target found for /home/nt2311/Projects/Scala/akka-scala3/src/main/scala/Main.scala. Using presentation compiler with project's scala-library version: 3.3.4[0m
2025.01.16 22:29:44 INFO  no build target found for /home/nt2311/Projects/Scala/akka-scala3/src/main/scala/Main.scala. Using presentation compiler with project's scala-library version: 3.3.4[0m
2025.01.16 22:29:44 INFO  no build target found for /home/nt2311/Projects/Scala/akka-scala3/src/main/scala/Main.scala. Using presentation compiler with project's scala-library version: 3.3.4[0m
2025.01.16 22:29:52 INFO  no build target found for /home/nt2311/Projects/Scala/akka-scala3/src/main/scala/Main.scala. Using presentation compiler with project's scala-library version: 3.3.4[0m
2025.01.16 22:29:52 INFO  no build target found for /home/nt2311/Projects/Scala/akka-scala3/src/main/scala/Main.scala. Using presentation compiler with project's scala-library version: 3.3.4[0m
2025.01.16 22:29:52 INFO  no build target found for /home/nt2311/Projects/Scala/akka-scala3/src/main/scala/Main.scala. Using presentation compiler with project's scala-library version: 3.3.4[0m
2025.01.16 22:29:52 INFO  no build target found for /home/nt2311/Projects/Scala/akka-scala3/src/main/scala/Main.scala. Using presentation compiler with project's scala-library version: 3.3.4[0m
2025.01.16 22:29:52 INFO  no build target found for /home/nt2311/Projects/Scala/akka-scala3/src/main/scala/Main.scala. Using presentation compiler with project's scala-library version: 3.3.4[0m
2025.01.16 22:29:53 INFO  no build target found for /home/nt2311/Projects/Scala/akka-scala3/src/main/scala/Main.scala. Using presentation compiler with project's scala-library version: 3.3.4[0m
2025.01.16 22:29:53 INFO  no build target found for /home/nt2311/Projects/Scala/akka-scala3/src/main/scala/Main.scala. Using presentation compiler with project's scala-library version: 3.3.4[0m
2025.01.16 22:29:53 INFO  no build target found for /home/nt2311/Projects/Scala/akka-scala3/src/main/scala/Main.scala. Using presentation compiler with project's scala-library version: 3.3.4[0m
2025.01.16 22:29:54 INFO  no build target found for /home/nt2311/Projects/Scala/akka-scala3/src/main/scala/Main.scala. Using presentation compiler with project's scala-library version: 3.3.4[0m
2025.01.16 22:29:54 INFO  no build target found for /home/nt2311/Projects/Scala/akka-scala3/src/main/scala/Main.scala. Using presentation compiler with project's scala-library version: 3.3.4[0m
2025.01.16 22:29:54 INFO  no build target found for /home/nt2311/Projects/Scala/akka-scala3/src/main/scala/Main.scala. Using presentation compiler with project's scala-library version: 3.3.4[0m
2025.01.16 22:29:54 INFO  no build target found for /home/nt2311/Projects/Scala/akka-scala3/src/main/scala/Main.scala. Using presentation compiler with project's scala-library version: 3.3.4[0m
2025.01.16 22:29:54 INFO  no build target found for /home/nt2311/Projects/Scala/akka-scala3/src/main/scala/Main.scala. Using presentation compiler with project's scala-library version: 3.3.4[0m
2025.01.16 22:29:54 INFO  no build target found for /home/nt2311/Projects/Scala/akka-scala3/src/main/scala/Main.scala. Using presentation compiler with project's scala-library version: 3.3.4[0m
2025.01.16 22:29:54 INFO  no build target found for /home/nt2311/Projects/Scala/akka-scala3/src/main/scala/Main.scala. Using presentation compiler with project's scala-library version: 3.3.4[0m
2025.01.16 22:29:54 INFO  no build target found for /home/nt2311/Projects/Scala/akka-scala3/src/main/scala/Main.scala. Using presentation compiler with project's scala-library version: 3.3.4[0m
2025.01.16 22:29:55 INFO  no build target found for /home/nt2311/Projects/Scala/akka-scala3/src/main/scala/Main.scala. Using presentation compiler with project's scala-library version: 3.3.4[0m
2025.01.16 22:29:55 INFO  no build target found for /home/nt2311/Projects/Scala/akka-scala3/src/main/scala/Main.scala. Using presentation compiler with project's scala-library version: 3.3.4[0m
2025.01.16 22:29:55 INFO  no build target found for /home/nt2311/Projects/Scala/akka-scala3/src/main/scala/Main.scala. Using presentation compiler with project's scala-library version: 3.3.4[0m
2025.01.16 22:29:55 INFO  no build target found for /home/nt2311/Projects/Scala/akka-scala3/src/main/scala/Main.scala. Using presentation compiler with project's scala-library version: 3.3.4[0m
2025.01.16 22:29:55 INFO  no build target found for /home/nt2311/Projects/Scala/akka-scala3/src/main/scala/Main.scala. Using presentation compiler with project's scala-library version: 3.3.4[0m
2025.01.16 22:29:55 INFO  no build target found for /home/nt2311/Projects/Scala/akka-scala3/src/main/scala/Main.scala. Using presentation compiler with project's scala-library version: 3.3.4[0m
2025.01.16 22:29:57 INFO  no build target found for /home/nt2311/Projects/Scala/akka-scala3/src/main/scala/Main.scala. Using presentation compiler with project's scala-library version: 3.3.4[0m
2025.01.16 22:29:57 INFO  no build target found for /home/nt2311/Projects/Scala/akka-scala3/src/main/scala/Main.scala. Using presentation compiler with project's scala-library version: 3.3.4[0m
2025.01.16 22:29:57 INFO  no build target found for /home/nt2311/Projects/Scala/akka-scala3/src/main/scala/Main.scala. Using presentation compiler with project's scala-library version: 3.3.4[0m
2025.01.16 22:29:57 INFO  no build target found for /home/nt2311/Projects/Scala/akka-scala3/src/main/scala/Main.scala. Using presentation compiler with project's scala-library version: 3.3.4[0m
2025.01.16 22:29:57 INFO  no build target found for /home/nt2311/Projects/Scala/akka-scala3/src/main/scala/Main.scala. Using presentation compiler with project's scala-library version: 3.3.4[0m
2025.01.16 22:29:57 INFO  no build target found for /home/nt2311/Projects/Scala/akka-scala3/src/main/scala/Main.scala. Using presentation compiler with project's scala-library version: 3.3.4[0m
2025.01.16 22:29:57 INFO  no build target found for /home/nt2311/Projects/Scala/akka-scala3/src/main/scala/Main.scala. Using presentation compiler with project's scala-library version: 3.3.4[0m
2025.01.16 22:29:57 INFO  no build target found for /home/nt2311/Projects/Scala/akka-scala3/src/main/scala/Main.scala. Using presentation compiler with project's scala-library version: 3.3.4[0m
2025.01.16 22:29:57 INFO  no build target found for /home/nt2311/Projects/Scala/akka-scala3/src/main/scala/Main.scala. Using presentation compiler with project's scala-library version: 3.3.4[0m
2025.01.16 22:29:59 INFO  no build target found for /home/nt2311/Projects/Scala/akka-scala3/src/main/scala/Main.scala. Using presentation compiler with project's scala-library version: 3.3.4[0m
2025.01.16 22:29:59 INFO  no build target found for /home/nt2311/Projects/Scala/akka-scala3/src/main/scala/Main.scala. Using presentation compiler with project's scala-library version: 3.3.4[0m
2025.01.16 22:29:59 INFO  no build target found for /home/nt2311/Projects/Scala/akka-scala3/src/main/scala/Main.scala. Using presentation compiler with project's scala-library version: 3.3.4[0m
2025.01.16 22:29:59 INFO  no build target found for /home/nt2311/Projects/Scala/akka-scala3/src/main/scala/Main.scala. Using presentation compiler with project's scala-library version: 3.3.4[0m
2025.01.16 22:29:59 INFO  no build target found for /home/nt2311/Projects/Scala/akka-scala3/src/main/scala/Main.scala. Using presentation compiler with project's scala-library version: 3.3.4[0m
2025.01.16 22:30:00 INFO  no build target found for /home/nt2311/Projects/Scala/akka-scala3/src/main/scala/Main.scala. Using presentation compiler with project's scala-library version: 3.3.4[0m
2025.01.16 22:30:00 INFO  no build target found for /home/nt2311/Projects/Scala/akka-scala3/src/main/scala/Main.scala. Using presentation compiler with project's scala-library version: 3.3.4[0m
2025.01.16 22:30:00 INFO  no build target found for /home/nt2311/Projects/Scala/akka-scala3/src/main/scala/Main.scala. Using presentation compiler with project's scala-library version: 3.3.4[0m
2025.01.16 22:30:00 INFO  no build target found for /home/nt2311/Projects/Scala/akka-scala3/src/main/scala/Main.scala. Using presentation compiler with project's scala-library version: 3.3.4[0m
2025.01.16 22:30:00 INFO  no build target found for /home/nt2311/Projects/Scala/akka-scala3/src/main/scala/Main.scala. Using presentation compiler with project's scala-library version: 3.3.4[0m
2025.01.16 22:30:00 INFO  no build target found for /home/nt2311/Projects/Scala/akka-scala3/src/main/scala/Main.scala. Using presentation compiler with project's scala-library version: 3.3.4[0m
2025.01.16 22:30:01 INFO  [success] Generated .bloop/root-test.json[0m
2025.01.16 22:30:01 INFO  [success] Generated .bloop/root.json[0m
2025.01.16 22:30:01 INFO  [success] Total time: 41 s, completed Jan 16, 2025, 10:30:01 PM[0m
2025.01.16 22:30:01 INFO  no build target found for /home/nt2311/Projects/Scala/akka-scala3/src/main/scala/Main.scala. Using presentation compiler with project's scala-library version: 3.3.4[0m
2025.01.16 22:30:02 INFO  time: ran 'sbt bloopInstall' in 1m16s[0m
2025.01.16 22:30:01 INFO  no build target found for /home/nt2311/Projects/Scala/akka-scala3/src/main/scala/Main.scala. Using presentation compiler with project's scala-library version: 3.3.4[0m
2025.01.16 22:30:02 INFO  Attempting to connect to the build server...[0m
2025.01.16 22:30:01 INFO  no build target found for /home/nt2311/Projects/Scala/akka-scala3/src/main/scala/Main.scala. Using presentation compiler with project's scala-library version: 3.3.4[0m
2025.01.16 22:30:02 INFO  No running Bloop server found, starting one.[0m
2025.01.16 22:30:01 INFO  no build target found for /home/nt2311/Projects/Scala/akka-scala3/src/main/scala/Main.scala. Using presentation compiler with project's scala-library version: 3.3.4[0m
2025.01.16 22:30:01 INFO  no build target found for /home/nt2311/Projects/Scala/akka-scala3/src/main/scala/Main.scala. Using presentation compiler with project's scala-library version: 3.3.4[0m
2025.01.16 22:30:01 INFO  no build target found for /home/nt2311/Projects/Scala/akka-scala3/src/main/scala/Main.scala. Using presentation compiler with project's scala-library version: 3.3.4[0m
2025.01.16 22:30:01 INFO  no build target found for /home/nt2311/Projects/Scala/akka-scala3/src/main/scala/Main.scala. Using presentation compiler with project's scala-library version: 3.3.4[0m
2025.01.16 22:30:04 INFO  no build target found for /home/nt2311/Projects/Scala/akka-scala3/src/main/scala/Main.scala. Using presentation compiler with project's scala-library version: 3.3.4[0m
2025.01.16 22:30:04 INFO  no build target found for /home/nt2311/Projects/Scala/akka-scala3/src/main/scala/Main.scala. Using presentation compiler with project's scala-library version: 3.3.4[0m
2025.01.16 22:30:04 INFO  no build target found for /home/nt2311/Projects/Scala/akka-scala3/src/main/scala/Main.scala. Using presentation compiler with project's scala-library version: 3.3.4[0m
2025.01.16 22:30:04 INFO  no build target found for /home/nt2311/Projects/Scala/akka-scala3/src/main/scala/Main.scala. Using presentation compiler with project's scala-library version: 3.3.4[0m
2025.01.16 22:30:04 INFO  no build target found for /home/nt2311/Projects/Scala/akka-scala3/src/main/scala/Main.scala. Using presentation compiler with project's scala-library version: 3.3.4[0m
2025.01.16 22:30:04 INFO  no build target found for /home/nt2311/Projects/Scala/akka-scala3/src/main/scala/Main.scala. Using presentation compiler with project's scala-library version: 3.3.4[0m
2025.01.16 22:30:04 INFO  no build target found for /home/nt2311/Projects/Scala/akka-scala3/src/main/scala/Main.scala. Using presentation compiler with project's scala-library version: 3.3.4[0m
2025.01.16 22:30:05 INFO  no build target found for /home/nt2311/Projects/Scala/akka-scala3/src/main/scala/Main.scala. Using presentation compiler with project's scala-library version: 3.3.4[0m
2025.01.16 22:30:05 INFO  no build target found for /home/nt2311/Projects/Scala/akka-scala3/src/main/scala/Main.scala. Using presentation compiler with project's scala-library version: 3.3.4[0m
2025.01.16 22:30:05 INFO  no build target found for /home/nt2311/Projects/Scala/akka-scala3/src/main/scala/Main.scala. Using presentation compiler with project's scala-library version: 3.3.4[0m
2025.01.16 22:30:05 INFO  no build target found for /home/nt2311/Projects/Scala/akka-scala3/src/main/scala/Main.scala. Using presentation compiler with project's scala-library version: 3.3.4[0m
2025.01.16 22:30:05 INFO  no build target found for /home/nt2311/Projects/Scala/akka-scala3/src/main/scala/Main.scala. Using presentation compiler with project's scala-library version: 3.3.4[0m
2025.01.16 22:30:05 INFO  no build target found for /home/nt2311/Projects/Scala/akka-scala3/src/main/scala/Main.scala. Using presentation compiler with project's scala-library version: 3.3.4[0m
2025.01.16 22:30:05 INFO  no build target found for /home/nt2311/Projects/Scala/akka-scala3/src/main/scala/Main.scala. Using presentation compiler with project's scala-library version: 3.3.4[0m
2025.01.16 22:30:07 INFO  no build target found for /home/nt2311/Projects/Scala/akka-scala3/src/main/scala/Main.scala. Using presentation compiler with project's scala-library version: 3.3.4[0m
2025.01.16 22:30:07 INFO  no build target found for /home/nt2311/Projects/Scala/akka-scala3/src/main/scala/Main.scala. Using presentation compiler with project's scala-library version: 3.3.4[0m
2025.01.16 22:30:07 INFO  no build target found for /home/nt2311/Projects/Scala/akka-scala3/src/main/scala/Main.scala. Using presentation compiler with project's scala-library version: 3.3.4[0m
2025.01.16 22:30:07 INFO  no build target found for /home/nt2311/Projects/Scala/akka-scala3/src/main/scala/Main.scala. Using presentation compiler with project's scala-library version: 3.3.4[0m
2025.01.16 22:30:07 INFO  no build target found for /home/nt2311/Projects/Scala/akka-scala3/src/main/scala/Main.scala. Using presentation compiler with project's scala-library version: 3.3.4[0m
2025.01.16 22:30:08 INFO  no build target found for /home/nt2311/Projects/Scala/akka-scala3/src/main/scala/Main.scala. Using presentation compiler with project's scala-library version: 3.3.4[0m
2025.01.16 22:30:08 INFO  no build target found for /home/nt2311/Projects/Scala/akka-scala3/src/main/scala/Main.scala. Using presentation compiler with project's scala-library version: 3.3.4[0m
2025.01.16 22:30:10 INFO  no build target found for /home/nt2311/Projects/Scala/akka-scala3/src/main/scala/Main.scala. Using presentation compiler with project's scala-library version: 3.3.4[0m
2025.01.16 22:30:12 INFO  no build target found for /home/nt2311/Projects/Scala/akka-scala3/src/main/scala/Main.scala. Using presentation compiler with project's scala-library version: 3.3.4[0m
2025.01.16 22:30:12 INFO  no build target found for /home/nt2311/Projects/Scala/akka-scala3/src/main/scala/Main.scala. Using presentation compiler with project's scala-library version: 3.3.4[0m
2025.01.16 22:30:12 INFO  no build target found for /home/nt2311/Projects/Scala/akka-scala3/src/main/scala/Main.scala. Using presentation compiler with project's scala-library version: 3.3.4[0m
2025.01.16 22:30:12 INFO  no build target found for /home/nt2311/Projects/Scala/akka-scala3/src/main/scala/Main.scala. Using presentation compiler with project's scala-library version: 3.3.4[0m
2025.01.16 22:30:12 INFO  no build target found for /home/nt2311/Projects/Scala/akka-scala3/src/main/scala/Main.scala. Using presentation compiler with project's scala-library version: 3.3.4[0m
2025.01.16 22:30:12 INFO  no build target found for /home/nt2311/Projects/Scala/akka-scala3/src/main/scala/Main.scala. Using presentation compiler with project's scala-library version: 3.3.4[0m
2025.01.16 22:30:13 INFO  no build target found for /home/nt2311/Projects/Scala/akka-scala3/src/main/scala/Main.scala. Using presentation compiler with project's scala-library version: 3.3.4[0m
2025.01.16 22:30:13 INFO  no build target found for /home/nt2311/Projects/Scala/akka-scala3/src/main/scala/Main.scala. Using presentation compiler with project's scala-library version: 3.3.4[0m
2025.01.16 22:30:13 INFO  no build target found for /home/nt2311/Projects/Scala/akka-scala3/src/main/scala/Main.scala. Using presentation compiler with project's scala-library version: 3.3.4[0m
2025.01.16 22:30:13 INFO  no build target found for /home/nt2311/Projects/Scala/akka-scala3/src/main/scala/Main.scala. Using presentation compiler with project's scala-library version: 3.3.4[0m
2025.01.16 22:30:13 INFO  no build target found for /home/nt2311/Projects/Scala/akka-scala3/src/main/scala/Main.scala. Using presentation compiler with project's scala-library version: 3.3.4[0m
2025.01.16 22:30:13 INFO  no build target found for /home/nt2311/Projects/Scala/akka-scala3/src/main/scala/Main.scala. Using presentation compiler with project's scala-library version: 3.3.4[0m
2025.01.16 22:30:13 INFO  no build target found for /home/nt2311/Projects/Scala/akka-scala3/src/main/scala/Main.scala. Using presentation compiler with project's scala-library version: 3.3.4[0m
2025.01.16 22:30:13 INFO  no build target found for /home/nt2311/Projects/Scala/akka-scala3/src/main/scala/Main.scala. Using presentation compiler with project's scala-library version: 3.3.4[0m
2025.01.16 22:30:13 INFO  no build target found for /home/nt2311/Projects/Scala/akka-scala3/src/main/scala/Main.scala. Using presentation compiler with project's scala-library version: 3.3.4[0m
2025.01.16 22:30:15 INFO  no build target found for /home/nt2311/Projects/Scala/akka-scala3/src/main/scala/Main.scala. Using presentation compiler with project's scala-library version: 3.3.4[0m
2025.01.16 22:30:15 INFO  no build target found for /home/nt2311/Projects/Scala/akka-scala3/src/main/scala/Main.scala. Using presentation compiler with project's scala-library version: 3.3.4[0m
2025.01.16 22:30:15 INFO  no build target found for /home/nt2311/Projects/Scala/akka-scala3/src/main/scala/Main.scala. Using presentation compiler with project's scala-library version: 3.3.4[0m
2025.01.16 22:30:15 INFO  no build target found for /home/nt2311/Projects/Scala/akka-scala3/src/main/scala/Main.scala. Using presentation compiler with project's scala-library version: 3.3.4[0m
2025.01.16 22:30:15 INFO  Starting compilation server[0m
2025.01.16 22:30:15 INFO  no build target found for /home/nt2311/Projects/Scala/akka-scala3/src/main/scala/Main.scala. Using presentation compiler with project's scala-library version: 3.3.4[0m
2025.01.16 22:30:16 INFO  tracing is disabled for protocol BSP, to enable tracing of incoming and outgoing JSON messages create an empty file at /home/nt2311/Projects/Scala/akka-scala3/.metals/bsp.trace.json or /home/nt2311/.cache/metals/bsp.trace.json[0m
2025.01.16 22:30:17 INFO  Attempting to connect to the build server...[0m
2025.01.16 22:30:17 INFO  Found a Bloop server running[0m
2025.01.16 22:30:17 INFO  Attempting to connect to the build server...[0m
2025.01.16 22:30:17 INFO  Found a Bloop server running[0m
2025.01.16 22:30:17 INFO  tracing is disabled for protocol BSP, to enable tracing of incoming and outgoing JSON messages create an empty file at /home/nt2311/Projects/Scala/akka-scala3/project/project/.metals/bsp.trace.json or /home/nt2311/.cache/metals/bsp.trace.json[0m
2025.01.16 22:30:17 INFO  tracing is disabled for protocol BSP, to enable tracing of incoming and outgoing JSON messages create an empty file at /home/nt2311/Projects/Scala/akka-scala3/project/.metals/bsp.trace.json or /home/nt2311/.cache/metals/bsp.trace.json[0m
2025.01.16 22:30:17 WARN  no build target for: /home/nt2311/Projects/Scala/akka-scala3/src/main/scala/Main.scala[0m
2025.01.16 22:30:17 INFO  no build target found for /home/nt2311/Projects/Scala/akka-scala3/src/main/scala/Main.scala. Using presentation compiler with project's scala-library version: 3.3.4[0m
2025.01.16 22:30:18 INFO  no build target found for /home/nt2311/Projects/Scala/akka-scala3/src/main/scala/Main.scala. Using presentation compiler with project's scala-library version: 3.3.4[0m
2025.01.16 22:30:18 INFO  no build target found for /home/nt2311/Projects/Scala/akka-scala3/src/main/scala/Main.scala. Using presentation compiler with project's scala-library version: 3.3.4[0m
2025.01.16 22:30:20 INFO  no build target found for /home/nt2311/Projects/Scala/akka-scala3/src/main/scala/Main.scala. Using presentation compiler with project's scala-library version: 3.3.4[0m
2025.01.16 22:30:20 INFO  no build target found for /home/nt2311/Projects/Scala/akka-scala3/src/main/scala/Main.scala. Using presentation compiler with project's scala-library version: 3.3.4[0m
2025.01.16 22:30:21 WARN  no build target for: /home/nt2311/Projects/Scala/akka-scala3/src/main/scala/Main.scala[0m
2025.01.16 22:30:21 INFO  no build target found for /home/nt2311/Projects/Scala/akka-scala3/src/main/scala/Main.scala. Using presentation compiler with project's scala-library version: 3.3.4[0m
2025.01.16 22:30:23 INFO  no build target found for /home/nt2311/Projects/Scala/akka-scala3/src/main/scala/Main.scala. Using presentation compiler with project's scala-library version: 3.3.4[0m
2025.01.16 22:30:29 INFO  no build target found for /home/nt2311/Projects/Scala/akka-scala3/src/main/scala/com/example/UserRoutes.scala. Using presentation compiler with project's scala-library version: 3.3.4[0m
2025.01.16 22:30:29 INFO  no build target found for /home/nt2311/Projects/Scala/akka-scala3/src/main/scala/com/example/UserRoutes.scala. Using presentation compiler with project's scala-library version: 3.3.4[0m
2025.01.16 22:30:31 INFO  no build target found for /home/nt2311/Projects/Scala/akka-scala3/src/main/scala/com/example/UserRoutes.scala. Using presentation compiler with project's scala-library version: 3.3.4[0m
2025.01.16 22:30:34 INFO  no build target found for /home/nt2311/Projects/Scala/akka-scala3/src/main/scala/com/example/UserRoutes.scala. Using presentation compiler with project's scala-library version: 3.3.4[0m
2025.01.16 22:30:34 INFO  no build target found for /home/nt2311/Projects/Scala/akka-scala3/src/main/scala/com/example/UserRoutes.scala. Using presentation compiler with project's scala-library version: 3.3.4[0m
2025.01.16 22:30:34 INFO  no build target found for /home/nt2311/Projects/Scala/akka-scala3/src/main/scala/com/example/UserRoutes.scala. Using presentation compiler with project's scala-library version: 3.3.4[0m
2025.01.16 22:30:35 INFO  no build target found for /home/nt2311/Projects/Scala/akka-scala3/src/main/scala/com/example/UserRoutes.scala. Using presentation compiler with project's scala-library version: 3.3.4[0m
2025.01.16 22:30:35 INFO  no build target found for /home/nt2311/Projects/Scala/akka-scala3/src/main/scala/com/example/UserRoutes.scala. Using presentation compiler with project's scala-library version: 3.3.4[0m
2025.01.16 22:30:35 INFO  no build target found for /home/nt2311/Projects/Scala/akka-scala3/src/main/scala/com/example/UserRoutes.scala. Using presentation compiler with project's scala-library version: 3.3.4[0m
2025.01.16 22:30:37 ERROR Timeout waiting for 'build/initialize' response[0m
2025.01.16 22:30:37 ERROR Timeout waiting for 'build/initialize' response[0m
2025.01.16 22:30:37 WARN  Retrying connection to the build server Bloop[0m
2025.01.16 22:30:37 WARN  Retrying connection to the build server Bloop[0m
2025.01.16 22:30:37 INFO  Found a Bloop server running[0m
2025.01.16 22:30:37 INFO  Found a Bloop server running[0m
2025.01.16 22:30:37 INFO  tracing is disabled for protocol BSP, to enable tracing of incoming and outgoing JSON messages create an empty file at /home/nt2311/Projects/Scala/akka-scala3/project/.metals/bsp.trace.json or /home/nt2311/.cache/metals/bsp.trace.json[0m
2025.01.16 22:30:37 INFO  tracing is disabled for protocol BSP, to enable tracing of incoming and outgoing JSON messages create an empty file at /home/nt2311/Projects/Scala/akka-scala3/project/project/.metals/bsp.trace.json or /home/nt2311/.cache/metals/bsp.trace.json[0m
2025.01.16 22:30:37 INFO  no build target found for /home/nt2311/Projects/Scala/akka-scala3/src/main/scala/com/example/UserRoutes.scala. Using presentation compiler with project's scala-library version: 3.3.4[0m
2025.01.16 22:30:41 INFO  no build target found for /home/nt2311/Projects/Scala/akka-scala3/src/main/scala/com/example/UserRoutes.scala. Using presentation compiler with project's scala-library version: 3.3.4[0m
2025.01.16 22:30:41 INFO  no build target found for /home/nt2311/Projects/Scala/akka-scala3/src/main/scala/com/example/UserRoutes.scala. Using presentation compiler with project's scala-library version: 3.3.4[0m
2025.01.16 22:30:41 INFO  no build target found for /home/nt2311/Projects/Scala/akka-scala3/src/main/scala/com/example/UserRoutes.scala. Using presentation compiler with project's scala-library version: 3.3.4[0m
2025.01.16 22:30:42 INFO  no build target found for /home/nt2311/Projects/Scala/akka-scala3/src/main/scala/com/example/UserRoutes.scala. Using presentation compiler with project's scala-library version: 3.3.4[0m
2025.01.16 22:30:42 INFO  no build target found for /home/nt2311/Projects/Scala/akka-scala3/src/main/scala/com/example/UserRoutes.scala. Using presentation compiler with project's scala-library version: 3.3.4[0m
2025.01.16 22:30:42 INFO  no build target found for /home/nt2311/Projects/Scala/akka-scala3/src/main/scala/com/example/UserRoutes.scala. Using presentation compiler with project's scala-library version: 3.3.4[0m
2025.01.16 22:30:42 INFO  no build target found for /home/nt2311/Projects/Scala/akka-scala3/src/main/scala/com/example/UserRoutes.scala. Using presentation compiler with project's scala-library version: 3.3.4[0m
2025.01.16 22:30:42 INFO  no build target found for /home/nt2311/Projects/Scala/akka-scala3/src/main/scala/com/example/UserRoutes.scala. Using presentation compiler with project's scala-library version: 3.3.4[0m
2025.01.16 22:30:44 INFO  no build target found for /home/nt2311/Projects/Scala/akka-scala3/src/main/scala/com/example/UserRoutes.scala. Using presentation compiler with project's scala-library version: 3.3.4[0m
2025.01.16 22:30:45 WARN  no build target for: /home/nt2311/Projects/Scala/akka-scala3/src/main/scala/com/example/UserRoutes.scala[0m
2025.01.16 22:30:45 INFO  no build target found for /home/nt2311/Projects/Scala/akka-scala3/src/main/scala/com/example/UserRoutes.scala. Using presentation compiler with project's scala-library version: 3.3.4[0m
2025.01.16 22:30:46 INFO  no build target found for /home/nt2311/Projects/Scala/akka-scala3/src/main/scala/com/example/UserRoutes.scala. Using presentation compiler with project's scala-library version: 3.3.4[0m
2025.01.16 22:30:47 WARN  no build target for: /home/nt2311/Projects/Scala/akka-scala3/src/main/scala/com/example/UserRoutes.scala[0m
2025.01.16 22:30:47 INFO  no build target found for /home/nt2311/Projects/Scala/akka-scala3/src/main/scala/com/example/UserRoutes.scala. Using presentation compiler with project's scala-library version: 3.3.4[0m
